<?xml version="1.0" encoding="UTF-8"?>
<testng-results ignored="0" total="2" passed="2" failed="0" skipped="0">
  <reporter-output>
  </reporter-output>
  <suite started-at="2023-12-17T14:39:38 EST" name="Default suite" finished-at="2023-12-17T14:39:58 EST" duration-ms="19929">
    <groups>
    </groups>
    <test started-at="2023-12-17T14:39:38 EST" name="Default test" finished-at="2023-12-17T14:39:58 EST" duration-ms="19929">
      <class name="Selenium_ecomm.Browser_Launch">
        <test-method is-config="true" signature="launchBrowser()[pri:0, instance:Selenium_ecomm.Browser_Launch@58cbafc2]" started-at="2023-12-17T14:39:38 EST" name="launchBrowser" finished-at="2023-12-17T14:39:44 EST" duration-ms="6371" status="PASS">
          <reporter-output>
          </reporter-output>
        </test-method> <!-- launchBrowser -->
        <test-method signature="login(java.lang.String)[pri:0, instance:Selenium_ecomm.Browser_Launch@58cbafc2]" started-at="2023-12-17T14:39:44 EST" name="login" data-provider="dp" finished-at="2023-12-17T14:39:48 EST" duration-ms="4208" status="PASS">
          <params>
            <param index="0">
              <value>
                <![CDATA[ankit,ankitdj888@gmail.com]]>
              </value>
            </param>
          </params>
          <reporter-output>
          </reporter-output>
        </test-method> <!-- login -->
        <test-method is-config="true" signature="tearDown()[pri:0, instance:Selenium_ecomm.Browser_Launch@58cbafc2]" started-at="2023-12-17T14:39:48 EST" name="tearDown" finished-at="2023-12-17T14:39:48 EST" duration-ms="204" status="PASS">
          <reporter-output>
          </reporter-output>
        </test-method> <!-- tearDown -->
        <test-method is-config="true" signature="launchBrowser()[pri:0, instance:Selenium_ecomm.Browser_Launch@58cbafc2]" started-at="2023-12-17T14:39:48 EST" name="launchBrowser" finished-at="2023-12-17T14:39:53 EST" duration-ms="4694" status="PASS">
          <reporter-output>
          </reporter-output>
        </test-method> <!-- launchBrowser -->
        <test-method signature="login(java.lang.String)[pri:0, instance:Selenium_ecomm.Browser_Launch@58cbafc2]" started-at="2023-12-17T14:39:53 EST" name="login" data-provider="dp" finished-at="2023-12-17T14:39:57 EST" duration-ms="4210" status="PASS">
          <params>
            <param index="0">
              <value>
                <![CDATA[Dipali,dipalitailor123@gmail.com]]>
              </value>
            </param>
          </params>
          <reporter-output>
          </reporter-output>
        </test-method> <!-- login -->
        <test-method is-config="true" signature="tearDown()[pri:0, instance:Selenium_ecomm.Browser_Launch@58cbafc2]" started-at="2023-12-17T14:39:57 EST" name="tearDown" finished-at="2023-12-17T14:39:58 EST" duration-ms="188" status="PASS">
          <reporter-output>
          </reporter-output>
        </test-method> <!-- tearDown -->
      </class> <!-- Selenium_ecomm.Browser_Launch -->
    </test> <!-- Default test -->
  </suite> <!-- Default suite -->
</testng-results>
